<?xml version="1.0" encoding="UTF-8"?>
<!-- Generated by org.testng.reporters.JUnitReportReporter -->
<testsuite hostname="LAPTOP-LT3093GT" failures="0" tests="1" name="com.todos.tests.AddTodoTest" time="9.723" errors="0" timestamp="19 Dec 2020 13:25:23 GMT">
  <testcase classname="com.todos.tests.AddTodoTest" name="iCanAddTodo" time="9.723"/>
</testsuite> <!-- com.todos.tests.AddTodoTest -->
